<?xml version="1.0" encoding="UTF-8"?>
<testsuite xmlns:xsi="http://www.w3.org/2001/XMLSchema-instance" xsi:noNamespaceSchemaLocation="https://maven.apache.org/surefire/maven-surefire-plugin/xsd/surefire-test-report.xsd" version="3.0.2" name="org.example.testRunner.runners" time="116.902" tests="3" errors="0" skipped="0" failures="0">
  <properties>
    <property name="java.specification.version" value="22"/>
    <property name="sun.cpu.isalist" value="amd64"/>
    <property name="sun.jnu.encoding" value="Cp1256"/>
    <property name="java.class.path" value="C:\Users\Jouf Alnoor\IdeaProjects\FinalProjectAMIT_demoblaze\target\test-classes;C:\Users\Jouf Alnoor\IdeaProjects\FinalProjectAMIT_demoblaze\target\classes;C:\Users\Jouf Alnoor\.m2\repository\org\seleniumhq\selenium\selenium-java\4.27.0\selenium-java-4.27.0.jar;C:\Users\Jouf Alnoor\.m2\repository\org\seleniumhq\selenium\selenium-api\4.27.0\selenium-api-4.27.0.jar;C:\Users\Jouf Alnoor\.m2\repository\org\jspecify\jspecify\1.0.0\jspecify-1.0.0.jar;C:\Users\Jouf Alnoor\.m2\repository\org\seleniumhq\selenium\selenium-chrome-driver\4.27.0\selenium-chrome-driver-4.27.0.jar;C:\Users\Jouf Alnoor\.m2\repository\com\google\auto\service\auto-service-annotations\1.1.1\auto-service-annotations-1.1.1.jar;C:\Users\Jouf Alnoor\.m2\repository\org\seleniumhq\selenium\selenium-chromium-driver\4.27.0\selenium-chromium-driver-4.27.0.jar;C:\Users\Jouf Alnoor\.m2\repository\org\seleniumhq\selenium\selenium-json\4.27.0\selenium-json-4.27.0.jar;C:\Users\Jouf Alnoor\.m2\repository\org\seleniumhq\selenium\selenium-manager\4.27.0\selenium-manager-4.27.0.jar;C:\Users\Jouf Alnoor\.m2\repository\org\seleniumhq\selenium\selenium-devtools-v129\4.27.0\selenium-devtools-v129-4.27.0.jar;C:\Users\Jouf Alnoor\.m2\repository\org\seleniumhq\selenium\selenium-devtools-v130\4.27.0\selenium-devtools-v130-4.27.0.jar;C:\Users\Jouf Alnoor\.m2\repository\org\seleniumhq\selenium\selenium-devtools-v131\4.27.0\selenium-devtools-v131-4.27.0.jar;C:\Users\Jouf Alnoor\.m2\repository\org\seleniumhq\selenium\selenium-devtools-v85\4.27.0\selenium-devtools-v85-4.27.0.jar;C:\Users\Jouf Alnoor\.m2\repository\org\seleniumhq\selenium\selenium-edge-driver\4.27.0\selenium-edge-driver-4.27.0.jar;C:\Users\Jouf Alnoor\.m2\repository\org\seleniumhq\selenium\selenium-firefox-driver\4.27.0\selenium-firefox-driver-4.27.0.jar;C:\Users\Jouf Alnoor\.m2\repository\org\seleniumhq\selenium\selenium-http\4.27.0\selenium-http-4.27.0.jar;C:\Users\Jouf Alnoor\.m2\repository\dev\failsafe\failsafe\3.3.2\failsafe-3.3.2.jar;C:\Users\Jouf Alnoor\.m2\repository\org\seleniumhq\selenium\selenium-ie-driver\4.27.0\selenium-ie-driver-4.27.0.jar;C:\Users\Jouf Alnoor\.m2\repository\org\seleniumhq\selenium\selenium-remote-driver\4.27.0\selenium-remote-driver-4.27.0.jar;C:\Users\Jouf Alnoor\.m2\repository\com\google\guava\guava\33.3.1-jre\guava-33.3.1-jre.jar;C:\Users\Jouf Alnoor\.m2\repository\com\google\guava\failureaccess\1.0.2\failureaccess-1.0.2.jar;C:\Users\Jouf Alnoor\.m2\repository\com\google\guava\listenablefuture\9999.0-empty-to-avoid-conflict-with-guava\listenablefuture-9999.0-empty-to-avoid-conflict-with-guava.jar;C:\Users\Jouf Alnoor\.m2\repository\com\google\code\findbugs\jsr305\3.0.2\jsr305-3.0.2.jar;C:\Users\Jouf Alnoor\.m2\repository\org\checkerframework\checker-qual\3.43.0\checker-qual-3.43.0.jar;C:\Users\Jouf Alnoor\.m2\repository\com\google\errorprone\error_prone_annotations\2.28.0\error_prone_annotations-2.28.0.jar;C:\Users\Jouf Alnoor\.m2\repository\com\google\j2objc\j2objc-annotations\3.0.0\j2objc-annotations-3.0.0.jar;C:\Users\Jouf Alnoor\.m2\repository\io\opentelemetry\semconv\opentelemetry-semconv\1.25.0-alpha\opentelemetry-semconv-1.25.0-alpha.jar;C:\Users\Jouf Alnoor\.m2\repository\io\opentelemetry\opentelemetry-api\1.44.1\opentelemetry-api-1.44.1.jar;C:\Users\Jouf Alnoor\.m2\repository\io\opentelemetry\opentelemetry-context\1.44.1\opentelemetry-context-1.44.1.jar;C:\Users\Jouf Alnoor\.m2\repository\io\opentelemetry\opentelemetry-exporter-logging\1.44.1\opentelemetry-exporter-logging-1.44.1.jar;C:\Users\Jouf Alnoor\.m2\repository\io\opentelemetry\opentelemetry-sdk-common\1.44.1\opentelemetry-sdk-common-1.44.1.jar;C:\Users\Jouf Alnoor\.m2\repository\io\opentelemetry\opentelemetry-sdk-extension-autoconfigure-spi\1.44.1\opentelemetry-sdk-extension-autoconfigure-spi-1.44.1.jar;C:\Users\Jouf Alnoor\.m2\repository\io\opentelemetry\opentelemetry-sdk-extension-autoconfigure\1.44.1\opentelemetry-sdk-extension-autoconfigure-1.44.1.jar;C:\Users\Jouf Alnoor\.m2\repository\io\opentelemetry\opentelemetry-api-incubator\1.44.1-alpha\opentelemetry-api-incubator-1.44.1-alpha.jar;C:\Users\Jouf Alnoor\.m2\repository\io\opentelemetry\opentelemetry-sdk-trace\1.44.1\opentelemetry-sdk-trace-1.44.1.jar;C:\Users\Jouf Alnoor\.m2\repository\io\opentelemetry\opentelemetry-sdk\1.44.1\opentelemetry-sdk-1.44.1.jar;C:\Users\Jouf Alnoor\.m2\repository\io\opentelemetry\opentelemetry-sdk-metrics\1.44.1\opentelemetry-sdk-metrics-1.44.1.jar;C:\Users\Jouf Alnoor\.m2\repository\io\opentelemetry\opentelemetry-sdk-logs\1.44.1\opentelemetry-sdk-logs-1.44.1.jar;C:\Users\Jouf Alnoor\.m2\repository\net\bytebuddy\byte-buddy\1.15.10\byte-buddy-1.15.10.jar;C:\Users\Jouf Alnoor\.m2\repository\org\seleniumhq\selenium\selenium-os\4.27.0\selenium-os-4.27.0.jar;C:\Users\Jouf Alnoor\.m2\repository\org\apache\commons\commons-exec\1.4.0\commons-exec-1.4.0.jar;C:\Users\Jouf Alnoor\.m2\repository\org\seleniumhq\selenium\selenium-safari-driver\4.27.0\selenium-safari-driver-4.27.0.jar;C:\Users\Jouf Alnoor\.m2\repository\org\seleniumhq\selenium\selenium-support\4.27.0\selenium-support-4.27.0.jar;C:\Users\Jouf Alnoor\.m2\repository\io\cucumber\cucumber-java\7.20.1\cucumber-java-7.20.1.jar;C:\Users\Jouf Alnoor\.m2\repository\io\cucumber\cucumber-core\7.20.1\cucumber-core-7.20.1.jar;C:\Users\Jouf Alnoor\.m2\repository\io\cucumber\cucumber-gherkin\7.20.1\cucumber-gherkin-7.20.1.jar;C:\Users\Jouf Alnoor\.m2\repository\io\cucumber\cucumber-gherkin-messages\7.20.1\cucumber-gherkin-messages-7.20.1.jar;C:\Users\Jouf Alnoor\.m2\repository\io\cucumber\gherkin\28.0.0\gherkin-28.0.0.jar;C:\Users\Jouf Alnoor\.m2\repository\io\cucumber\messages\24.1.0\messages-24.1.0.jar;C:\Users\Jouf Alnoor\.m2\repository\io\cucumber\testng-xml-formatter\0.2.0\testng-xml-formatter-0.2.0.jar;C:\Users\Jouf Alnoor\.m2\repository\io\cucumber\query\12.2.0\query-12.2.0.jar;C:\Users\Jouf Alnoor\.m2\repository\io\cucumber\tag-expressions\6.1.0\tag-expressions-6.1.0.jar;C:\Users\Jouf Alnoor\.m2\repository\io\cucumber\cucumber-expressions\17.1.0\cucumber-expressions-17.1.0.jar;C:\Users\Jouf Alnoor\.m2\repository\io\cucumber\datatable\7.20.1\datatable-7.20.1.jar;C:\Users\Jouf Alnoor\.m2\repository\io\cucumber\cucumber-plugin\7.20.1\cucumber-plugin-7.20.1.jar;C:\Users\Jouf Alnoor\.m2\repository\io\cucumber\docstring\7.20.1\docstring-7.20.1.jar;C:\Users\Jouf Alnoor\.m2\repository\io\cucumber\html-formatter\21.7.0\html-formatter-21.7.0.jar;C:\Users\Jouf Alnoor\.m2\repository\io\cucumber\junit-xml-formatter\0.5.0\junit-xml-formatter-0.5.0.jar;C:\Users\Jouf Alnoor\.m2\repository\io\cucumber\ci-environment\10.0.1\ci-environment-10.0.1.jar;C:\Users\Jouf Alnoor\.m2\repository\org\apiguardian\apiguardian-api\1.1.2\apiguardian-api-1.1.2.jar;C:\Users\Jouf Alnoor\.m2\repository\io\cucumber\cucumber-testng\7.20.1\cucumber-testng-7.20.1.jar;C:\Users\Jouf Alnoor\.m2\repository\org\testng\testng\7.10.2\testng-7.10.2.jar;C:\Users\Jouf Alnoor\.m2\repository\org\slf4j\slf4j-api\1.7.36\slf4j-api-1.7.36.jar;C:\Users\Jouf Alnoor\.m2\repository\com\beust\jcommander\1.82\jcommander-1.82.jar;C:\Users\Jouf Alnoor\.m2\repository\org\webjars\jquery\3.7.1\jquery-3.7.1.jar;C:\Users\Jouf Alnoor\.m2\repository\com\github\javafaker\javafaker\1.0.2\javafaker-1.0.2.jar;C:\Users\Jouf Alnoor\.m2\repository\org\apache\commons\commons-lang3\3.5\commons-lang3-3.5.jar;C:\Users\Jouf Alnoor\.m2\repository\org\yaml\snakeyaml\1.23\snakeyaml-1.23-android.jar;C:\Users\Jouf Alnoor\.m2\repository\com\github\mifmif\generex\1.0.2\generex-1.0.2.jar;C:\Users\Jouf Alnoor\.m2\repository\dk\brics\automaton\automaton\1.11-8\automaton-1.11-8.jar;"/>
    <property name="java.vm.vendor" value="Oracle Corporation"/>
    <property name="sun.arch.data.model" value="64"/>
    <property name="user.variant" value=""/>
    <property name="java.vendor.url" value="https://java.oracle.com/"/>
    <property name="user.timezone" value="Africa/Cairo"/>
    <property name="os.name" value="Windows 10"/>
    <property name="java.vm.specification.version" value="22"/>
    <property name="sun.java.launcher" value="SUN_STANDARD"/>
    <property name="user.country" value="GB"/>
    <property name="sun.boot.library.path" value="C:\Users\Jouf Alnoor\.jdks\openjdk-22.0.2\bin"/>
    <property name="sun.java.command" value="C:\Users\Jouf Alnoor\AppData\Local\Temp\surefire12999158275546654175\surefirebooter-20241216202914319_3.jar C:\Users\Jouf Alnoor\AppData\Local\Temp\surefire12999158275546654175 2024-12-16T20-29-14_109-jvmRun1 surefire-20241216202914319_1tmp surefire_0-20241216202914319_2tmp"/>
    <property name="jdk.debug" value="release"/>
    <property name="surefire.test.class.path" value="C:\Users\Jouf Alnoor\IdeaProjects\FinalProjectAMIT_demoblaze\target\test-classes;C:\Users\Jouf Alnoor\IdeaProjects\FinalProjectAMIT_demoblaze\target\classes;C:\Users\Jouf Alnoor\.m2\repository\org\seleniumhq\selenium\selenium-java\4.27.0\selenium-java-4.27.0.jar;C:\Users\Jouf Alnoor\.m2\repository\org\seleniumhq\selenium\selenium-api\4.27.0\selenium-api-4.27.0.jar;C:\Users\Jouf Alnoor\.m2\repository\org\jspecify\jspecify\1.0.0\jspecify-1.0.0.jar;C:\Users\Jouf Alnoor\.m2\repository\org\seleniumhq\selenium\selenium-chrome-driver\4.27.0\selenium-chrome-driver-4.27.0.jar;C:\Users\Jouf Alnoor\.m2\repository\com\google\auto\service\auto-service-annotations\1.1.1\auto-service-annotations-1.1.1.jar;C:\Users\Jouf Alnoor\.m2\repository\org\seleniumhq\selenium\selenium-chromium-driver\4.27.0\selenium-chromium-driver-4.27.0.jar;C:\Users\Jouf Alnoor\.m2\repository\org\seleniumhq\selenium\selenium-json\4.27.0\selenium-json-4.27.0.jar;C:\Users\Jouf Alnoor\.m2\repository\org\seleniumhq\selenium\selenium-manager\4.27.0\selenium-manager-4.27.0.jar;C:\Users\Jouf Alnoor\.m2\repository\org\seleniumhq\selenium\selenium-devtools-v129\4.27.0\selenium-devtools-v129-4.27.0.jar;C:\Users\Jouf Alnoor\.m2\repository\org\seleniumhq\selenium\selenium-devtools-v130\4.27.0\selenium-devtools-v130-4.27.0.jar;C:\Users\Jouf Alnoor\.m2\repository\org\seleniumhq\selenium\selenium-devtools-v131\4.27.0\selenium-devtools-v131-4.27.0.jar;C:\Users\Jouf Alnoor\.m2\repository\org\seleniumhq\selenium\selenium-devtools-v85\4.27.0\selenium-devtools-v85-4.27.0.jar;C:\Users\Jouf Alnoor\.m2\repository\org\seleniumhq\selenium\selenium-edge-driver\4.27.0\selenium-edge-driver-4.27.0.jar;C:\Users\Jouf Alnoor\.m2\repository\org\seleniumhq\selenium\selenium-firefox-driver\4.27.0\selenium-firefox-driver-4.27.0.jar;C:\Users\Jouf Alnoor\.m2\repository\org\seleniumhq\selenium\selenium-http\4.27.0\selenium-http-4.27.0.jar;C:\Users\Jouf Alnoor\.m2\repository\dev\failsafe\failsafe\3.3.2\failsafe-3.3.2.jar;C:\Users\Jouf Alnoor\.m2\repository\org\seleniumhq\selenium\selenium-ie-driver\4.27.0\selenium-ie-driver-4.27.0.jar;C:\Users\Jouf Alnoor\.m2\repository\org\seleniumhq\selenium\selenium-remote-driver\4.27.0\selenium-remote-driver-4.27.0.jar;C:\Users\Jouf Alnoor\.m2\repository\com\google\guava\guava\33.3.1-jre\guava-33.3.1-jre.jar;C:\Users\Jouf Alnoor\.m2\repository\com\google\guava\failureaccess\1.0.2\failureaccess-1.0.2.jar;C:\Users\Jouf Alnoor\.m2\repository\com\google\guava\listenablefuture\9999.0-empty-to-avoid-conflict-with-guava\listenablefuture-9999.0-empty-to-avoid-conflict-with-guava.jar;C:\Users\Jouf Alnoor\.m2\repository\com\google\code\findbugs\jsr305\3.0.2\jsr305-3.0.2.jar;C:\Users\Jouf Alnoor\.m2\repository\org\checkerframework\checker-qual\3.43.0\checker-qual-3.43.0.jar;C:\Users\Jouf Alnoor\.m2\repository\com\google\errorprone\error_prone_annotations\2.28.0\error_prone_annotations-2.28.0.jar;C:\Users\Jouf Alnoor\.m2\repository\com\google\j2objc\j2objc-annotations\3.0.0\j2objc-annotations-3.0.0.jar;C:\Users\Jouf Alnoor\.m2\repository\io\opentelemetry\semconv\opentelemetry-semconv\1.25.0-alpha\opentelemetry-semconv-1.25.0-alpha.jar;C:\Users\Jouf Alnoor\.m2\repository\io\opentelemetry\opentelemetry-api\1.44.1\opentelemetry-api-1.44.1.jar;C:\Users\Jouf Alnoor\.m2\repository\io\opentelemetry\opentelemetry-context\1.44.1\opentelemetry-context-1.44.1.jar;C:\Users\Jouf Alnoor\.m2\repository\io\opentelemetry\opentelemetry-exporter-logging\1.44.1\opentelemetry-exporter-logging-1.44.1.jar;C:\Users\Jouf Alnoor\.m2\repository\io\opentelemetry\opentelemetry-sdk-common\1.44.1\opentelemetry-sdk-common-1.44.1.jar;C:\Users\Jouf Alnoor\.m2\repository\io\opentelemetry\opentelemetry-sdk-extension-autoconfigure-spi\1.44.1\opentelemetry-sdk-extension-autoconfigure-spi-1.44.1.jar;C:\Users\Jouf Alnoor\.m2\repository\io\opentelemetry\opentelemetry-sdk-extension-autoconfigure\1.44.1\opentelemetry-sdk-extension-autoconfigure-1.44.1.jar;C:\Users\Jouf Alnoor\.m2\repository\io\opentelemetry\opentelemetry-api-incubator\1.44.1-alpha\opentelemetry-api-incubator-1.44.1-alpha.jar;C:\Users\Jouf Alnoor\.m2\repository\io\opentelemetry\opentelemetry-sdk-trace\1.44.1\opentelemetry-sdk-trace-1.44.1.jar;C:\Users\Jouf Alnoor\.m2\repository\io\opentelemetry\opentelemetry-sdk\1.44.1\opentelemetry-sdk-1.44.1.jar;C:\Users\Jouf Alnoor\.m2\repository\io\opentelemetry\opentelemetry-sdk-metrics\1.44.1\opentelemetry-sdk-metrics-1.44.1.jar;C:\Users\Jouf Alnoor\.m2\repository\io\opentelemetry\opentelemetry-sdk-logs\1.44.1\opentelemetry-sdk-logs-1.44.1.jar;C:\Users\Jouf Alnoor\.m2\repository\net\bytebuddy\byte-buddy\1.15.10\byte-buddy-1.15.10.jar;C:\Users\Jouf Alnoor\.m2\repository\org\seleniumhq\selenium\selenium-os\4.27.0\selenium-os-4.27.0.jar;C:\Users\Jouf Alnoor\.m2\repository\org\apache\commons\commons-exec\1.4.0\commons-exec-1.4.0.jar;C:\Users\Jouf Alnoor\.m2\repository\org\seleniumhq\selenium\selenium-safari-driver\4.27.0\selenium-safari-driver-4.27.0.jar;C:\Users\Jouf Alnoor\.m2\repository\org\seleniumhq\selenium\selenium-support\4.27.0\selenium-support-4.27.0.jar;C:\Users\Jouf Alnoor\.m2\repository\io\cucumber\cucumber-java\7.20.1\cucumber-java-7.20.1.jar;C:\Users\Jouf Alnoor\.m2\repository\io\cucumber\cucumber-core\7.20.1\cucumber-core-7.20.1.jar;C:\Users\Jouf Alnoor\.m2\repository\io\cucumber\cucumber-gherkin\7.20.1\cucumber-gherkin-7.20.1.jar;C:\Users\Jouf Alnoor\.m2\repository\io\cucumber\cucumber-gherkin-messages\7.20.1\cucumber-gherkin-messages-7.20.1.jar;C:\Users\Jouf Alnoor\.m2\repository\io\cucumber\gherkin\28.0.0\gherkin-28.0.0.jar;C:\Users\Jouf Alnoor\.m2\repository\io\cucumber\messages\24.1.0\messages-24.1.0.jar;C:\Users\Jouf Alnoor\.m2\repository\io\cucumber\testng-xml-formatter\0.2.0\testng-xml-formatter-0.2.0.jar;C:\Users\Jouf Alnoor\.m2\repository\io\cucumber\query\12.2.0\query-12.2.0.jar;C:\Users\Jouf Alnoor\.m2\repository\io\cucumber\tag-expressions\6.1.0\tag-expressions-6.1.0.jar;C:\Users\Jouf Alnoor\.m2\repository\io\cucumber\cucumber-expressions\17.1.0\cucumber-expressions-17.1.0.jar;C:\Users\Jouf Alnoor\.m2\repository\io\cucumber\datatable\7.20.1\datatable-7.20.1.jar;C:\Users\Jouf Alnoor\.m2\repository\io\cucumber\cucumber-plugin\7.20.1\cucumber-plugin-7.20.1.jar;C:\Users\Jouf Alnoor\.m2\repository\io\cucumber\docstring\7.20.1\docstring-7.20.1.jar;C:\Users\Jouf Alnoor\.m2\repository\io\cucumber\html-formatter\21.7.0\html-formatter-21.7.0.jar;C:\Users\Jouf Alnoor\.m2\repository\io\cucumber\junit-xml-formatter\0.5.0\junit-xml-formatter-0.5.0.jar;C:\Users\Jouf Alnoor\.m2\repository\io\cucumber\ci-environment\10.0.1\ci-environment-10.0.1.jar;C:\Users\Jouf Alnoor\.m2\repository\org\apiguardian\apiguardian-api\1.1.2\apiguardian-api-1.1.2.jar;C:\Users\Jouf Alnoor\.m2\repository\io\cucumber\cucumber-testng\7.20.1\cucumber-testng-7.20.1.jar;C:\Users\Jouf Alnoor\.m2\repository\org\testng\testng\7.10.2\testng-7.10.2.jar;C:\Users\Jouf Alnoor\.m2\repository\org\slf4j\slf4j-api\1.7.36\slf4j-api-1.7.36.jar;C:\Users\Jouf Alnoor\.m2\repository\com\beust\jcommander\1.82\jcommander-1.82.jar;C:\Users\Jouf Alnoor\.m2\repository\org\webjars\jquery\3.7.1\jquery-3.7.1.jar;C:\Users\Jouf Alnoor\.m2\repository\com\github\javafaker\javafaker\1.0.2\javafaker-1.0.2.jar;C:\Users\Jouf Alnoor\.m2\repository\org\apache\commons\commons-lang3\3.5\commons-lang3-3.5.jar;C:\Users\Jouf Alnoor\.m2\repository\org\yaml\snakeyaml\1.23\snakeyaml-1.23-android.jar;C:\Users\Jouf Alnoor\.m2\repository\com\github\mifmif\generex\1.0.2\generex-1.0.2.jar;C:\Users\Jouf Alnoor\.m2\repository\dk\brics\automaton\automaton\1.11-8\automaton-1.11-8.jar;"/>
    <property name="sun.cpu.endian" value="little"/>
    <property name="user.home" value="C:\Users\Jouf Alnoor"/>
    <property name="user.language" value="en"/>
    <property name="java.specification.vendor" value="Oracle Corporation"/>
    <property name="java.version.date" value="2024-07-16"/>
    <property name="java.home" value="C:\Users\Jouf Alnoor\.jdks\openjdk-22.0.2"/>
    <property name="file.separator" value="\"/>
    <property name="basedir" value="C:\Users\Jouf Alnoor\IdeaProjects\FinalProjectAMIT_demoblaze"/>
    <property name="java.vm.compressedOopsMode" value="32-bit"/>
    <property name="line.separator" value="&#10;"/>
    <property name="java.vm.specification.vendor" value="Oracle Corporation"/>
    <property name="java.specification.name" value="Java Platform API Specification"/>
    <property name="surefire.real.class.path" value="C:\Users\Jouf Alnoor\AppData\Local\Temp\surefire12999158275546654175\surefirebooter-20241216202914319_3.jar"/>
    <property name="user.script" value=""/>
    <property name="sun.management.compiler" value="HotSpot 64-Bit Tiered Compilers"/>
    <property name="java.runtime.version" value="22.0.2+9-70"/>
    <property name="user.name" value="Jouf Alnoor"/>
    <property name="stdout.encoding" value="Cp1256"/>
    <property name="path.separator" value=";"/>
    <property name="os.version" value="10.0"/>
    <property name="java.runtime.name" value="OpenJDK Runtime Environment"/>
    <property name="file.encoding" value="UTF-8"/>
    <property name="java.vm.name" value="OpenJDK 64-Bit Server VM"/>
    <property name="localRepository" value="C:\Users\Jouf Alnoor\.m2\repository"/>
    <property name="java.vendor.url.bug" value="https://bugreport.java.com/bugreport/"/>
    <property name="java.io.tmpdir" value="C:\Users\JOUFAL~1\AppData\Local\Temp\"/>
    <property name="idea.version" value="2024.2.3"/>
    <property name="java.version" value="22.0.2"/>
    <property name="user.dir" value="C:\Users\Jouf Alnoor\IdeaProjects\FinalProjectAMIT_demoblaze"/>
    <property name="os.arch" value="amd64"/>
    <property name="java.vm.specification.name" value="Java Virtual Machine Specification"/>
    <property name="sun.os.patch.level" value=""/>
    <property name="native.encoding" value="Cp1256"/>
    <property name="java.library.path" value="C:\Users\Jouf Alnoor\.jdks\openjdk-22.0.2\bin;C:\WINDOWS\Sun\Java\bin;C:\WINDOWS\system32;C:\WINDOWS;&quot;C:\Program Files (x86)\Java\jre1.8.0_421\bin;&quot;;C:\Program Files (x86)\Common Files\Oracle\Java\java8path;C:\Program Files (x86)\Common Files\Oracle\Java\javapath;C:\WINDOWS\system32;C:\WINDOWS;C:\WINDOWS\System32\Wbem;C:\WINDOWS\System32\WindowsPowerShell\v1.0\;C:\WINDOWS\System32\OpenSSH\;C:\Users\Jouf Alnoor\Downloads\apache-maven-3.9.8\bin;C:\Program Files\nodejs\;C:\Users\Jouf Alnoor\AppData\Local\Microsoft\WindowsApps;C:\Program Files\JetBrains\IntelliJ IDEA 2024.2.0.1\bin;;C:\Users\Jouf Alnoor\Downloads\apache-maven-3.9.8;C:\Users\Jouf Alnoor\AppData\Roaming\npm;C:\Program Files\JetBrains\IntelliJ IDEA Community Edition 2024.2.3\bin;;."/>
    <property name="java.vm.info" value="mixed mode, sharing"/>
    <property name="stderr.encoding" value="Cp1256"/>
    <property name="java.vendor" value="Oracle Corporation"/>
    <property name="java.vm.version" value="22.0.2+9-70"/>
    <property name="sun.io.unicode.encoding" value="UnicodeLittle"/>
    <property name="java.class.version" value="66.0"/>
  </properties>
  <testcase name="runScenario[&quot;user can sign up using valid email and password&quot;, &quot;Sign Up - testing that users can sign up successfully&quot;](1)" classname="org.example.testRunner.runners" time="35.744">
    <system-out><![CDATA[
@regression @smoke
Scenario: user can sign up using valid email and password &amp#27;[90m# src/main/resources/features/F01_signUp.feature:9&amp#27;[0m
  &amp#27;[32mGiven &amp#27;[0m&amp#27;[32muser clicks sign up button in header&amp#27;[0m              &amp#27;[90m# org.example.stepDefs.D01_signUp.userOpenSignUpPage()&amp#27;[0m
  &amp#27;[32mWhen &amp#27;[0m&amp#27;[32muser fills in username &amp#27;[0m&amp#27;[32m&amp#27;[1m"alaa.wali7"&amp#27;[0m                &amp#27;[90m# org.example.stepDefs.D01_signUp.userFillsInUsername(java.lang.String)&amp#27;[0m
  &amp#27;[32mAnd &amp#27;[0m&amp#27;[32muser fills in password &amp#27;[0m&amp#27;[32m&amp#27;[1m"P@ssword123"&amp#27;[0m                &amp#27;[90m# org.example.stepDefs.D01_signUp.userFillsInPassword(java.lang.String)&amp#27;[0m
  &amp#27;[32mAnd &amp#27;[0m&amp#27;[32muser clicks on sign up button&amp#27;[0m                       &amp#27;[90m# org.example.stepDefs.D01_signUp.userClicksOnSignUpButton()&amp#27;[0m
  &amp#27;[32mThen &amp#27;[0m&amp#27;[32msuccess message should be displayed&amp#27;[0m                &amp#27;[90m# org.example.stepDefs.D01_signUp.successMessageShouldBeDisplayed()&amp#27;[0m
]]></system-out>
    <system-err><![CDATA[SLF4J: Failed to load class "org.slf4j.impl.StaticLoggerBinder".
SLF4J: Defaulting to no-operation (NOP) logger implementation
SLF4J: See http://www.slf4j.org/codes.html#StaticLoggerBinder for further details.
]]></system-err>
  </testcase>
  <testcase name="runScenario[&quot;user can use their email and password to login to their account&quot;, &quot;Login - testing that users can login successfully to their existing account&quot;](2)" classname="org.example.testRunner.runners" time="26.391">
    <system-out><![CDATA[
@regression @smoke
Scenario: user can use their email and password to login to their account &amp#27;[90m# src/main/resources/features/F02_login.feature:9&amp#27;[0m
  &amp#27;[32mGiven &amp#27;[0m&amp#27;[32muser clicks login button in header&amp#27;[0m                                &amp#27;[90m# org.example.stepDefs.D02_login.userClicksLoginButton()&amp#27;[0m
  &amp#27;[32mWhen &amp#27;[0m&amp#27;[32muser enters username &amp#27;[0m&amp#27;[32m&amp#27;[1m"alaa.wali7"&amp#27;[0m                                  &amp#27;[90m# org.example.stepDefs.D02_login.userFillsInUsername(java.lang.String)&amp#27;[0m
  &amp#27;[32mAnd &amp#27;[0m&amp#27;[32muser enters password &amp#27;[0m&amp#27;[32m&amp#27;[1m"P@ssword123"&amp#27;[0m                                  &amp#27;[90m# org.example.stepDefs.D02_login.userFillsInPassword(java.lang.String)&amp#27;[0m
  &amp#27;[32mAnd &amp#27;[0m&amp#27;[32muser clicks on login button&amp#27;[0m                                         &amp#27;[90m# org.example.stepDefs.D02_login.userClicksOnLoginButton()&amp#27;[0m
  &amp#27;[32mThen &amp#27;[0m&amp#27;[32maccount opens successfully&amp#27;[0m                                         &amp#27;[90m# org.example.stepDefs.D02_login.accountOpensSuccessfullyAndUserShouldBeAbleToUseTheirAccount()&amp#27;[0m
]]></system-out>
  </testcase>
  <testcase name="runScenario[&quot;Purchasing products successfully&quot;, &quot;user can add products to the cart&quot;](3)" classname="org.example.testRunner.runners" time="51.897">
    <system-out><![CDATA[
@regression @smoke
Scenario: Purchasing products successfully                                                                                 &amp#27;[90m# src/main/resources/features/F03_addProducts.feature:7&amp#27;[0m
  &amp#27;[32mGiven &amp#27;[0m&amp#27;[32muser clicks login button in header&amp#27;[0m                                                                                 &amp#27;[90m# org.example.stepDefs.D02_login.userClicksLoginButton()&amp#27;[0m
  &amp#27;[32mWhen &amp#27;[0m&amp#27;[32muser enters username &amp#27;[0m&amp#27;[32m&amp#27;[1m"alaa.wali7"&amp#27;[0m                                                                                   &amp#27;[90m# org.example.stepDefs.D02_login.userFillsInUsername(java.lang.String)&amp#27;[0m
  &amp#27;[32mAnd &amp#27;[0m&amp#27;[32muser enters password &amp#27;[0m&amp#27;[32m&amp#27;[1m"P@ssword123"&amp#27;[0m                                                                                   &amp#27;[90m# org.example.stepDefs.D02_login.userFillsInPassword(java.lang.String)&amp#27;[0m
  &amp#27;[32mAnd &amp#27;[0m&amp#27;[32muser clicks on login button&amp#27;[0m                                                                                          &amp#27;[90m# org.example.stepDefs.D02_login.userClicksOnLoginButton()&amp#27;[0m
  &amp#27;[32mThen &amp#27;[0m&amp#27;[32maccount opens successfully&amp#27;[0m                                                                                          &amp#27;[90m# org.example.stepDefs.D02_login.accountOpensSuccessfullyAndUserShouldBeAbleToUseTheirAccount()&amp#27;[0m
  &amp#27;[32mGiven &amp#27;[0m&amp#27;[32muser clicks on Laptops in categories list&amp#27;[0m                                                                          &amp#27;[90m# org.example.stepDefs.D03_addProducts.clickOnLaptops()&amp#27;[0m
  &amp#27;[32mWhen &amp#27;[0m&amp#27;[32muser chooses product &amp#27;[0m&amp#27;[32m&amp#27;[1m1&amp#27;[0m                                                                                              &amp#27;[90m# org.example.stepDefs.D03_addProducts.userChoosesProduct(int)&amp#27;[0m
  &amp#27;[32mAnd &amp#27;[0m&amp#27;[32muser clicks on add to cart&amp#27;[0m                                                                                           &amp#27;[90m# org.example.stepDefs.D03_addProducts.userClicksOnAddToCart()&amp#27;[0m
  &amp#27;[32mThen &amp#27;[0m&amp#27;[32mproduct is successfully added to cart&amp#27;[0m                                                                               &amp#27;[90m# org.example.stepDefs.D03_addProducts.productIsSuccessfullyAddedToCart()&amp#27;[0m
  &amp#27;[32mGiven &amp#27;[0m&amp#27;[32muser goes to home page&amp#27;[0m                                                                                             &amp#27;[90m# org.example.stepDefs.D03_addProducts.userGoesToHomePage()&amp#27;[0m
  &amp#27;[32mAnd &amp#27;[0m&amp#27;[32muser clicks on Laptops in categories list&amp#27;[0m                                                                            &amp#27;[90m# org.example.stepDefs.D03_addProducts.clickOnLaptops()&amp#27;[0m
  &amp#27;[32mWhen &amp#27;[0m&amp#27;[32muser chooses product &amp#27;[0m&amp#27;[32m&amp#27;[1m2&amp#27;[0m                                                                                              &amp#27;[90m# org.example.stepDefs.D03_addProducts.userChoosesProduct(int)&amp#27;[0m
  &amp#27;[32mAnd &amp#27;[0m&amp#27;[32muser clicks on add to cart&amp#27;[0m                                                                                           &amp#27;[90m# org.example.stepDefs.D03_addProducts.userClicksOnAddToCart()&amp#27;[0m
  &amp#27;[32mThen &amp#27;[0m&amp#27;[32mproduct is successfully added to cart&amp#27;[0m                                                                               &amp#27;[90m# org.example.stepDefs.D03_addProducts.productIsSuccessfullyAddedToCart()&amp#27;[0m
  &amp#27;[32mGiven &amp#27;[0m&amp#27;[32muser clicks on cart button in header&amp#27;[0m                                                                               &amp#27;[90m# org.example.stepDefs.D03_addProducts.userClicksOnCartButtonInHeader()&amp#27;[0m
Total Products Price Sum is 1580.0
  &amp#27;[32mThen &amp#27;[0m&amp#27;[32muser finds both products displayed in the cart with respective titles and prices&amp#27;[0m                                    &amp#27;[90m# org.example.stepDefs.D03_addProducts.userFindsBothProductsDisplayed()&amp#27;[0m
Total in Cart is 1580.0
  &amp#27;[32mAnd &amp#27;[0m&amp#27;[32mtotal amount is calculated correctly&amp#27;[0m                                                                                 &amp#27;[90m# org.example.stepDefs.D03_addProducts.totalAmountIsCalculatedCorrectly()&amp#27;[0m
  &amp#27;[32mWhen &amp#27;[0m&amp#27;[32muser clicks on place order button&amp#27;[0m                                                                                   &amp#27;[90m# org.example.stepDefs.D03_addProducts.userClicksOnPlaceOrderButton()&amp#27;[0m
Total in Place Order Page is 1580.0
  &amp#27;[32mThen &amp#27;[0m&amp#27;[32mtotal amount is calculated correctly on the place order page&amp#27;[0m                                                        &amp#27;[90m# org.example.stepDefs.D03_addProducts.totalAmountIsCalculatedCorrectlyOnThePlaceOrderPage()&amp#27;[0m
  &amp#27;[32mWhen &amp#27;[0m&amp#27;[32muser fills out name &amp#27;[0m&amp#27;[32m&amp#27;[1m"Alaa"&amp#27;[0m&amp#27;[32m, country &amp#27;[0m&amp#27;[32m&amp#27;[1m"Egypt"&amp#27;[0m&amp#27;[32m, city &amp#27;[0m&amp#27;[32m&amp#27;[1m"Giza"&amp#27;[0m&amp#27;[32m, credit card number &amp#27;[0m&amp#27;[32m&amp#27;[1m"1234567890"&amp#27;[0m&amp#27;[32m, month &amp#27;[0m&amp#27;[32m&amp#27;[1m"03"&amp#27;[0m&amp#27;[32m and year &amp#27;[0m&amp#27;[32m&amp#27;[1m"27"&amp#27;[0m &amp#27;[90m# org.example.stepDefs.D03_addProducts.userFillsOutNameCountryCityCreditCardNumberMonthAndYear(java.lang.String,java.lang.String,java.lang.String,java.lang.String,java.lang.String,java.lang.String)&amp#27;[0m
  &amp#27;[32mAnd &amp#27;[0m&amp#27;[32muser clicks on purchase button&amp#27;[0m                                                                                       &amp#27;[90m# org.example.stepDefs.D03_addProducts.userClicksOnPurchaseButton()&amp#27;[0m
  &amp#27;[32mThen &amp#27;[0m&amp#27;[32morder is placed successfully and a success message is displayed&amp#27;[0m                                                     &amp#27;[90m# org.example.stepDefs.D03_addProducts.orderIsPlacedSuccessfullyAndASuccessMessageIsDisplayed()&amp#27;[0m
]]></system-out>
  </testcase>
</testsuite>