<?xml version="1.0" encoding="UTF-8"?>
<!-- Generated by org.testng.reporters.JUnitReportReporter -->
<testsuite hostname="DESKTOP-KI2I1CC" failures="0" tests="3" name="org.example.testRunner.runners" time="114.031" errors="0" timestamp="2024-12-16T20:31:11 EET" skipped="0">
  <testcase classname="org.example.testRunner.runners" name="runScenario" time="51.897"/>
  <testcase classname="org.example.testRunner.runners" name="runScenario" time="26.392"/>
  <testcase classname="org.example.testRunner.runners" name="runScenario" time="35.742"/>
</testsuite> <!-- org.example.testRunner.runners -->
